
sds://>os load
                idle time (74.54) ##########################           (119253962)
                 irq time ( 4.10) #                                    (6574950)
      System Timer Thread ( 0.23)                                      (370700)
               coreThread ( 0.00)                                      (0)
       CneCacheFlushTimer ( 0.00)                                      (0)
           CuEngineUpdate ( 0.00)                                      (0)
       PowerManagerThread ( 0.00)                                      (0)
                Inet main ( 1.10)                                      (1760975)
               clock tick ( 0.04)                                      (64299)
         PING application ( 0.00)                                      (0)
               WlanThread ( 2.25)                                      (3608147)
                WlanTimer ( 0.00)                                      (12205)
       AutoIPStateMachine ( 0.00)                                      (0)
            WpaSupplicant ( 0.13)                                      (220448)
WpaSupplicantWlConnection ( 0.00)                                      (0)
      StreamDeviceMgrImpl ( 0.00)                                      (0)
             Unmute Timer ( 0.00)                                      (0)
     StreamDeviceObserver ( 0.00)                                      (0)
        SharedTimerThread ( 0.07)                                      (116261)
           USBDrvRxThread ( 0.00)                                      (0)
            RDMFS Functor ( 0.00)                                      (0)
             USBStackImpl ( 0.00)                                      (0)
        USBHostController ( 0.00)                                      (0)
   UPnP activation thread ( 0.00)                                      (0)
                 SsdpPort ( 0.00)                                      (0)
           ReceiverThread ( 0.68)                                      (1101805)
              ShellThread ( 0.00)                                      (4792)
                PSMThread ( 0.00)                                      (0)
         USBAdaptionLayer ( 0.00)                                      (0)
               GenaThread ( 0.00)                                      (0)
          GenaEventThread ( 0.00)                                      (0)
            CDSRepository ( 0.01)                                      (20418)
                     Ssdp ( 0.00)                                      (2681)
      UpnpNotificationSvc ( 0.00)                                      (0)
       UpnpContentBrowser ( 0.00)                                      (0)
  NapContentManagerThread ( 0.00)                                      (0)
            NapCoreThread ( 0.01)                                      (22336)
         NapManagerThread ( 0.00)                                      (5214)
          NapOutputThread ( 9.09) ###                                  (14554445)
          Radea Processor ( 0.00)                                      (0)
          RolloverManager ( 0.00)                                      (0)
        RtspSessionThread ( 0.00)                                      (0)
             ActiveSocket ( 0.00)                                      (0)
             ActiveSocket ( 0.00)                                      (0)
             ActiveSocket ( 0.00)                                      (0)
         RtspSessionTimer ( 0.00)                                      (0)
          RDMFS Processor ( 0.00)                                      (0)
          OverloadMonitor ( 0.00)                                      (258)
             SPI Receiver ( 0.00)                                      (0)
       SearchFwUrlHandler ( 0.00)                                      (0)
         AVRPlayerService ( 0.00)                                      (0)
              Ipodioscomm ( 0.00)                                      (0)
NewSelectedIpProfile_IpSt ( 0.00)                                      (0)
    Remote wifi test mode ( 0.00)                                      (0)
RemoteRegCtrldFileTransfe ( 0.00)                                      (0)
          Wr2_Application ( 0.00)                                      (12121)
                    Timer ( 0.00)                                      (0)
       PoolAllocCompactor ( 0.00)                                      (0)
                    Timer ( 0.00)                                      (0)
                    Timer ( 0.00)                                      (0)
                    Timer ( 0.00)                                      (0)
                    Timer ( 0.00)                                      (0)
                    Timer ( 0.00)                                      (0)
                    Timer ( 0.00)                                      (0)
                    Timer ( 0.00)                                      (0)
                    Timer ( 0.00)                                      (0)
                    Timer ( 0.00)                                      (0)
                    Timer ( 0.00)                                      (0)
                    Timer ( 0.00)                                      (0)
                    Timer ( 0.00)                                      (0)
                    Timer ( 0.00)                                      (0)
UIRemoteControlOnlyModeHa ( 0.00)                                      (0)
UIRemoteControlOnlyModeHa ( 0.00)                                      (0)
               SsdpRecUDP ( 0.00)                                      (0)
           SPI Command Th ( 0.00)                                      (0)
                WRCThread ( 0.11)                                      (182557)
         WRCUpdAllowEvtTm ( 0.00)                                      (0)
       PoolAllocCompactor ( 0.00)                                      (0)
         RemoteCmdHandler ( 0.00)                                      (0)
                 cmdTimer ( 0.00)                                      (0)
       UPnPMrServerThread ( 0.00)                                      (0)
             UPnP Adapter ( 0.00)                                      (0)
             UPnP Adapter ( 0.00)                                      (0)
             UPnP Adapter ( 0.00)                                      (0)
                  WHACore ( 0.00)                                      (0)
            NtpReqHandler ( 0.00)                                      (0)
            USBPlayDirect ( 0.00)                                      (0)
         StreamStatusInfo ( 0.00)                                      (0)
          IpodSimpleEntry ( 0.00)                                      (0)
          iPodTelegramRec ( 0.00)                                      (0)
              Ipodioscomm ( 0.00)                                      (0)
         Ipodaccequalizer ( 0.00)                                      (0)
              iPodControl ( 0.01)                                      (17850)
                iPodCBSvc ( 0.00)                                      (0)
                iPodCBSvc ( 0.00)                                      (0)
            NetworkStatus ( 0.00)                                      (0)
             ipodObserver ( 0.00)                                      (0)
             JBLinkThread ( 0.00)                                      (6160)
           JBRServiceInit ( 0.00)                                      (0)
                 testipod ( 0.00)                                      (0)
          ConfigureiTunes ( 0.00)                                      (0)
                Webserver ( 0.12)                                      (204463)
          DeviceDiscovery ( 0.00)                                      (0)
ClosedCaptionMetainfoServ ( 0.00)                                      (0)
           EthernetDetect ( 0.00)                                      (1332)
       JBRemoteCtrlThread ( 0.07)                                      (121076)
       PoolAllocCompactor ( 0.00)                                      (0)
           JBRJSONService ( 0.00)                                      (0)
              JBRPairInit ( 0.00)                                      (0)
                JBRCSInit ( 0.00)                                      (0)
    JBR_XML_Parser_thread ( 0.00)                                      (0)
            JBRGetHandler ( 0.00)                                      (0)
             ipodOBServer ( 0.00)                                      (0)
       PoolAllocCompactor ( 0.00)                                      (0)
                 thdhcpRx ( 0.00)                                      (0)
           ConfigureTunes ( 0.00)                                      (0)
  NetReconfiguratorThread ( 0.00)                                      (0)
                  pthread ( 1.53)                                      (2454719)
                  pthread ( 3.87) #                                    (6209478)
                  pthread ( 0.00)                                      (0)
ExternalControlModeThread ( 0.00)                                      (0)
                  pthread ( 0.08)                                      (137102)
                  pthread ( 0.99)                                      (1591140)
                  pthread ( 0.13)                                      (215371)
                  pthread ( 0.12)                                      (200454)
        AirtunesProcessor ( 0.46)                                      (742091)
          UPnP TCP Thread ( 0.11)                                      (186878)
         UPnP Evnt Sender ( 0.00)                                      (920)
         UPnP Evnt Thread ( 0.00)                                      (0)
         UPnP Disc Thread ( 0.00)                                      (0)
sds://>os q
 n                          name peak  inQ free   threads
 1      CneCacheFlushTimer_Queue    0    0   10 CneCacheFlushTimer
 2          CuEngineUpdate_Queue    0    0   10 CuEngineUpdate
 3      PowerManagerThread_Queue    1    0   20 PowerManagerThread
 4      AutoIPStateMachine_Queue    0    0   10 AutoIPStateMachine
 5      WpaSupplicantWlConnectio    5    0   20 WpaSupplicantWlConnectio
 6      StreamDeviceMgrImpl_Queu    3    0   10 StreamDeviceMgrImpl
 7      StreamDeviceObserver_Que    1    0   10 StreamDeviceObserver
 8       SharedTimerThread_Queue    2    0   20 SharedTimerThread
 9        UsbBusDrv LocalRxQueue    0    0    8 USBDrvRxThread
10        UsbBusDrv LocalTxQueue    0    0    8     -
11           RDMFS Functor_Queue    4    0   20 RDMFS Functor
12            USBStackImpl_Queue    0    0   50 USBStackImpl
13       USBHostController_Queue    0    0   20 USBHostController
14      UPnP activation thread_Q    2    0   40 UPnP activation thread
15          ReceiverThread_Queue    0    0   20     -
16               PSMThread_Queue    1    0   10 PSMThread
17        USBAdaptionLayer_Queue    0    0   20 USBAdaptionLayer
18              GenaThread_Queue    0    0   20 GenaThread
19      UpnpContentBrowser_Queue    0    0   20 UpnpContentBrowser
20      NapContentManagerThread_    0    0   20 NapContentManagerThread
21           NapCoreThread_Queue    1    0   64 NapCoreThread
22        NapManagerThread_Queue    0    0  128 NapManagerThread
23         NapOutputThread_Queue    5    0   20     -
24                AudioOutput_44  512  512    0 NapOutputThread
25         Radea Processor_Queue    0    0    5 Radea Processor
26         RolloverManager_Queue    0    0   20 RolloverManager
27       RtspSessionThread_Queue    0    0   20     -
28         RDMFS Processor_Queue    0    0   20 RDMFS Processor
29      SearchFwUrlHandler_Queue    0    0   24 SearchFwUrlHandler
30        AVRPlayerService_Queue    4    0   32 AVRPlayerService
31             Ipodioscomm_Queue    0    0  128 Ipodioscomm
32      NewSelectedIpProfile_IpS    1    0   60 NewSelectedIpProfile_IpS
33      Remote wifi test mode_Qu    0    0    4 Remote wifi test mode
34      RemoteRegCtrldFileTransf    0    0   20 RemoteRegCtrldFileTransf
35         Wr2_Application_Queue    6    0  224 Wr2_Application
36      UIRemoteControlOnlyModeH    0    0  128 UIRemoteControlOnlyModeH
37      UIRemoteControlOnlyModeH    0    0  128 UIRemoteControlOnlyModeH
38          SPI Command Th_Queue    0    0   20 SPI Command Th
39        RemoteCmdHandler_Queue    0    0   20 RemoteCmdHandler
40      UPnPMrServerThread_Queue    0    0   16 UPnPMrServerThread
41                 WHACore_Queue    0    0  150 WHACore
42           NtpReqHandler_Queue    0    0   16 NtpReqHandler
43           USBPlayDirect_Queue    0    0   16 USBPlayDirect
44        StreamStatusInfo_Queue    0    0   16 StreamStatusInfo
45         IpodSimpleEntry_Queue    0    0  128 IpodSimpleEntry
46                   iPodTelAppQ    0    0  100     -
47                   iPodTelRecQ    0    0  100     -
48         iPodTelegramRec_Queue    0    0   20 iPodTelegramRec
49             Ipodioscomm_Queue    0    0   20 Ipodioscomm
50        Ipodaccequalizer_Queue    0    0   20 Ipodaccequalizer
51             iPodControl_Queue    1    0   20     -
52               iPodCBSvc_Queue    0    0   32 iPodCBSvc
53               iPodCBSvc_Queue    0    0   32 iPodCBSvc
54           NetworkStatus_Queue    0    0   20 NetworkStatus
55            ipodObserver_Queue    0    0   20 ipodObserver
56            JBLinkThread_Queue    1    0   20     -
57          JBRServiceInit_Queue    0    0   10 JBRServiceInit
58                testipod_Queue    1    1   19     -
59         ConfigureiTunes_Queue    0    0   10 ConfigureiTunes
60         DeviceDiscovery_Queue    1    0   20 DeviceDiscovery
61      ClosedCaptionMetainfoSer    0    0   20 ClosedCaptionMetainfoSer
62          EthernetDetect_Queue    1    0   10     -
63          JBRJSONService_Queue   20    0   20 JBRJSONService
64             JBRPairInit_Queue    1    0   10 JBRPairInit
65               JBRCSInit_Queue    2    0   10 JBRCSInit
66      JBR_XML_Parser_thread_Qu    0    0   20 JBR_XML_Parser_thread
67           JBRGetHandler_Queue    0    0   10 JBRGetHandler
68            ipodOBServer_Queue    0    0   20     -
69                       WlanTxQ    0    0  200     -
70                       WlanTxQ    0    0  200     -
71                       WlanTxQ    6    0  200     -
72                       WlanTxQ    0    0  200     -
73      UPnP Adapter Event Queue    0    0    5 UPnP Adapter
74      UPnP Adapter Event Queue    0    0    5 UPnP Adapter
75      UPnP Adapter Event Queue    0    0    5 UPnP Adapter
76                         RxPkt    0    0    4 thdhcpRx
77          ConfigureTunes_Queue    1    0   20 ConfigureTunes
78      NetReconfiguratorThread_    2    0    5 NetReconfiguratorThread
79      ExternalControlModeThrea    0    0   20 ExternalControlModeThrea
80              UPnP Evnt Sender    0    0  128 UPnP Evnt Sender
sds://>os th
 n                     name    pri state       cnt stackU  stackT stackStart
 1         supervisor stack                           676    1024
 2        user system stack                           228     384
 3                irq stack                            68     352
 4                fiq stack                             0      32
 5        abort undef stack                             0     128

 6      System Timer Thread  0/ 0/0 susp    115405    183    1024 0x00403c90
 7               coreThread  1/ 1/0 term         3
 8       CneCacheFlushTimer 24/24/1    q         1    171    4096 0x60624178
 9           CuEngineUpdate 24/24/1    q         1    171    4096 0x60637f78
10       PowerManagerThread 24/24/1    q        19    527    4096 0x60638f88
11                Inet main 11/10/1  sem     33159   1075    4096 0x60647e10
12               clock tick 11/10/1sleep      2688    435    2048 0x60648e20
13         PING application 11/10/1 susp         1     99     512 0x60649630
14               WlanThread  9/ 9/1  sem     24460   3515    4096 0x608dd230
15                WlanTimer 15/15/1sleep      2189    167    4096 0x608de240
16       AutoIPStateMachine 24/24/1    q         2    171    3000 0x60931478
17            WpaSupplicant 24/24/1sleep     34547   1483    4096 0x60932040
18WpaSupplicantWlConnection 24/24/1    q       593   1651    4096 0x60933e30
19      StreamDeviceMgrImpl 14/14/1    q        18    987    2048 0x60934e40
20             Unmute Timer 24/24/1 evsu         1    131    1024 0x60935650
21     StreamDeviceObserver 24/24/1    q         6    203    1024 0x60935a60
22        SharedTimerThread  1/ 1/1    q      4347    327    4096 0x60935e70
23           USBDrvRxThread  4/ 4/1    q         1    155    2048 0x00404188
24            RDMFS Functor 24/24/1    q         4    195    4096 0x60938820
25             USBStackImpl  8/ 8/1    q         2    307    2048 0x60939830
26        USBHostController 24/24/1    q         1    171    4096 0x609421c8
27   UPnP activation thread 24/24/1    q       213    743    4096 0x60943448
28                 SsdpPort 24/24/1  sem       457   1799    4096 0x60944458
29           ReceiverThread  9/ 9/1sleep      3191    739    4096 0x60945468
30              ShellThread 24/24/1  rdy       457   1235    8192 0x60947528
31                PSMThread 24/24/1    q         5    179    3072 0x6094a4b8
32         USBAdaptionLayer 24/24/1    q         9    503    4096 0x6094e3e0
33               GenaThread 24/24/1    q         1    171    2048 0x6094f9a8
34          GenaEventThread 24/24/1  sem        62    827    2048 0x609501b8
35            CDSRepository 24/24/1sleep      2811   2547    3100 0x60951730
36                     Ssdp 24/24/1sleep       793    539    1024 0x60957d70
37      UpnpNotificationSvc 24/24/1 evsu         8    227    4096 0x609584e0
38       UpnpContentBrowser 24/24/1    q         5    243    4096 0x609594f0
39  NapContentManagerThread 24/24/1    q         4    499   10240 0x6095aa10
40            NapCoreThread 23/23/1    q       713    743    4096 0x6095d220
41         NapManagerThread 24/24/1    q       209    843    4096 0x6095e230
42          NapOutputThread  9/ 9/1    q   1149593    819    4096 0x6095f450
43          Radea Processor 10/10/1    q         1    171    6144 0x609c52e0
44          RolloverManager  9/ 9/1    q         1    171    4072 0x609c6d60
45        RtspSessionThread 24/20/1 susp         0     75    2048 0x609d0720
46             ActiveSocket 24/20/1  sem         1    303    4096 0x609d0f30
47             ActiveSocket 24/20/1  sem         1    303    4096 0x609d1f40
48             ActiveSocket 24/20/1  sem         1    303    4096 0x609d2f50
49         RtspSessionTimer 24/24/1 evsu         2    147    1024 0x609d3f60
50          RDMFS Processor  9/ 9/1    q         1    171    3072 0x609d66a8
51          OverloadMonitor 23/23/1 evsu        78    175**   256 0x609614e4
52             SPI Receiver  4/ 4/1  sem       459    275    4096 0x60b65908
53       SearchFwUrlHandler 24/24/1    q        18   1027    5120 0x60b66bd0
54         AVRPlayerService 22/22/1    q      2175   1579    6144 0x60b683a8
55              Ipodioscomm 24/24/1    q         1    171    8000 0x60b69bb8
56NewSelectedIpProfile_IpSt 26/26/1    q        68   1239    2048 0x60b70de0
57    Remote wifi test mode 24/24/1    q         1    171    4096 0x60b72f80
58RemoteRegCtrldFileTransfe 24/24/1    q         1    171    2048 0x60b73f90
59          Wr2_Application 24/24/1    q      1403   1599   10000 0x60b747a0
60                    Timer 24/24/1 evsu         1    131    4096 0x60b77488
61       PoolAllocCompactor 24/24/1 evsu         1    115    1024 0x60b78ca8
62                    Timer 24/24/1 evsu         1    131    4096 0x60b7a0b0
63                    Timer 24/24/1 evsu         1    131    4096 0x60bad260
64                    Timer 24/24/1 evsu         1    131    4096 0x60bae270
65                    Timer 24/24/1 evsu         1    131    4096 0x60baf280
66                    Timer 24/24/1 evsu         1    131    4096 0x60bb0290
67                    Timer 24/24/1 evsu         1    131    4096 0x60bb1580
68                    Timer 24/24/1 evsu         1    131    4096 0x60bb2590
69                    Timer 24/24/1 evsu         1    131    4096 0x60bb4510
70                    Timer 24/24/1 evsu         1    131    4096 0x60bb5520
71                    Timer 24/24/1 evsu         1    131    4096 0x60bb6530
72                    Timer 24/24/1 evsu         1    131    4096 0x60bb7540
73                    Timer 24/24/1 evsu         1    131    4096 0x60bb8550
74                    Timer 24/24/1 evsu         1    131    4096 0x60bba488
75UIRemoteControlOnlyModeHa 24/24/1    q         1    171    8000 0x60bbb498
76UIRemoteControlOnlyModeHa 24/24/1    q         1    171    8000 0x60bbd5f8
77               SsdpRecUDP 24/24/1  sem        63   1171    4096 0x60bc5258
78           SPI Command Th 21/21/1    q         9    603    6000 0x60bc8c08
79                WRCThread 24/24/1  sem     15908    623    7000 0x60bca388
80         WRCUpdAllowEvtTm 24/24/1 evsu         1    131    4096 0x60bcbef0
81       PoolAllocCompactor 24/24/1 evsu         1    115    1024 0x60bcd310
82         RemoteCmdHandler 24/24/1    q         1    171    4096 0x60bcdb98
83                 cmdTimer 24/24/1 evsu         1    131    4096 0x60bceba8
84       UPnPMrServerThread 24/24/1    q         1    179    1500 0x60bcfbb8
85             UPnP Adapter 24/24/1    q        10    399    4096 0x60bd01a8
86             UPnP Adapter 24/24/1    q         9    399    4096 0x60bd31c8
87             UPnP Adapter 24/24/1    q         9    399    4096 0x60bd43f0
88                  WHACore 24/24/1    q         5    227    4096 0x60bd5628
89            NtpReqHandler 26/26/1    q         1    171    4096 0x60bd7ca0
90            USBPlayDirect 26/26/1    q         1    171    2048 0x60bd8cb0
91         StreamStatusInfo 26/26/1    q         1    171    2048 0x60bd94c0
92          IpodSimpleEntry 24/24/1    q         1    171    8000 0x60bda3d0
93          iPodTelegramRec 21/20/1    q         1    171    4096 0x60c0eb10
94              Ipodioscomm 24/24/1    q         1    171    4096 0x60c0fb20
95         Ipodaccequalizer 24/24/1    q         1    171    4096 0x60c10d98
96              iPodControl 22/20/1sleep      4368    519    4096 0x60c12970
97                iPodCBSvc 23/23/1    q         1    171    2048 0x60c13980
98                iPodCBSvc 23/23/1    q         1    171    2048 0x60c14190
99            NetworkStatus 24/24/1    q         5    171    4096 0x60c14c98
100             ipodObserver 24/24/1    q         1    171    4096 0x60c15ca8
101             JBLinkThread 24/24/1sleep      2166    235    4096 0x60c16cb8
102           JBRServiceInit 24/24/1    q         1    171    4096 0x60c17cc8
103                 testipod 24/24/1 susp         0     75    4096 0x60c18cd8
104          ConfigureiTunes 24/24/1    q         1    171    4096 0x60c19ce8
105                Webserver 24/24/1  sem     17189   1387  131072 0x60c1bbf8
106          DeviceDiscovery 24/24/1    q         2    315    2048 0x60ca5b28
107ClosedCaptionMetainfoServ 24/24/1    q         1    171    4096 0x60ca85d8
108           EthernetDetect 26/24/1sleep       221    783    2400 0x60ca95e8
109       JBRemoteCtrlThread 24/24/1  sem     15712    623   10000 0x60ca9f58
110       PoolAllocCompactor 24/24/1 evsu         1    115    1024 0x60caca88
111           JBRJSONService 24/24/1    q       370   1107    6144 0x60cace98
112              JBRPairInit 24/24/1    q         1    819    4096 0x60caf1c0
113                JBRCSInit 24/24/1    q         2    715    4096 0x60cb01d0
114    JBR_XML_Parser_thread 24/24/1    q         1    171    4096 0x60cb11e0
115            JBRGetHandler 24/24/1    q         1    171    4096 0x60cb2420
116             ipodOBServer 24/24/1 susp         0     75    4096 0x60cb3680
117       PoolAllocCompactor 24/24/1 evsu         1    115    1024 0x60cb4aa0
118                 thdhcpRx 22/22/0    q         1    139    2048 0x60cbb640
119           ConfigureTunes 24/24/1    q      2975   2699    4096 0x60cbbe50
120  NetReconfiguratorThread 24/24/1    q        18   1087    4096 0x60cc3b80
121                  pthread 24/23/1  sem     20966   4079    8192 0x60cc9ea0
122                  pthread 24/23/1  sem     56502   4563    8192 0x60ccce70
123                  pthread 24/23/1  sem       261   4623    8192 0x60cd93a0
124ExternalControlModeThread 24/24/1    q         1    171    4096 0x60cde6a0
125                  pthread 24/23/1sleep     14664    231    8192 0x60cf1c48
126                  pthread 24/23/1  sem     28555    699    8192 0x60cf3c58
127                  pthread 24/23/1  sem     16459   1939    8192 0x60cf9c78
128                  pthread 24/23/1  sem     16874   2027    8192 0x60d03578
129        AirtunesProcessor  9/ 9/1 evsu      3227    475    3456 0x60d05588
130          UPnP TCP Thread 24/24/1  sem     16522    663    8192 0x60cbf530
131         UPnP Evnt Sender 24/24/1    q       149    187    4096 0x60cc1d80
132         UPnP Evnt Thread 24/24/1 evnt        38    219    4096 0x60ce4c00
133         UPnP Disc Thread 24/24/1 evnt       106    651    1024 0x60cc36d8
                Totals                         73741  651616
Stack usage warnings:  * = within 200 B of stack size  ** = within 100 B
sds://>