Bootloader v2.4
No.trigger.from.app
t10.tout
t100.start
Ignored
Ignored
Ignored
Ignored
Ignored
Ignored
Ignored
Ignored
Ignored
Ignored
Ignored
Ignored
Ignored
Ignored
Ignored
Ignored
DM8X0_REG_17
Ignored
Ignored
Ignored
Ignored
Ignored
Ignored
Ignored
Ignored
Ignored
Ignored
Ignored
Ignored
Ignored
Ignored
Ignored
Ignored
Ignored
Ignored
Ignored
Ignored
Ignored
bco_cmd_read_module_status()
DM8X0_REG_17
DM8X0_REG_50
REG50_NETSTAT_DHCP_IP
Ignored
net.ok.start
t100.clr
net.ok.end
Ignored
Ignored
Ignored
Ignored
DM8X0_REG_106
Ignored
Ignored
Ignored
Ignored
Ignored
DM8X0_REG_50
REG50_NETSTAT_NO_IP
Ignored
DM8X0_REG_41
REG41_FIRMWARE_DOWNLOAD_ERROR
error.fatal
DM8X0_REG_50
REG50_NETSTAT_NO_IP
Ignored
DM8X0_REG_50
REG50_NETSTAT_DHCP_IP
Ignored
Ignored
Ignored
Ignored
Ignored
Ignored
Ignored
Ignored
Ignored
Ignored
Ignored
Ignored
Ignored
Ignored
Ignored
Ignored
t12.tout
t12.tout
t12.tout
t12.tout
t12.tout
t12.tout
t12.tout
t12.tout
t100.tout.NoWebTGR
try conn.net.failed,JBConnect mode
t100.clr
t100.stop
DM8X0_REG_106
DM8X0_REG_50
REG50_NETSTAT_NO_IP
Ignored
DM8X0_REG_106
DM8X0_REG_17
Ignored
Ignored
Ignored
Ignored
Ignored
Ignored
Ignored
DM8X0_REG_50
REG50_NETSTAT_NO_IP
Ignored
Ignored
Ignored
Ignored
Ignored
Ignored
Ignored
t12.tout
Ignored
Ignored
Ignored
Ignored
Ignored
Ignored
Ignored
Ignored
Ignored
Ignored
Ignored
Ignored
Ignored
Ignored
Ignored
Ignored
DM8X0_REG_17
Ignored
Ignored
Ignored
Ignored
Ignored
Ignored
Ignored
Ignored
Ignored
Ignored
Ignored
Ignored
Ignored
Ignored
Ignored
Ignored
Ignored
Ignored
Ignored
Ignored
Ignored
DM8X0_REG_41
REG41_FIRMWARE_DOWNLOAD_ERROR
error.fatal
DM8X0_REG_106
t12.tout
Ignored
Ignored
Ignored
Ignored
Ignored
Ignored
Ignored
Ignored
Ignored
Ignored
Ignored
Ignored
Ignored
Ignored
Ignored
Ignored
Ignored
Ignored
Ignored
Ignored
Ignored
Ignored
Ignored
Ignored
Ignored
Ignored
Ignored
Ignored
Ignored
Ignored
Ignored
Ignored
Ignored
Ignored
Ignored
Ignored
Ignored
Ignored
Ignored
Ignored
Ignored
Ignored
Ignored
Ignored
Ignored
Ignored
Ignored
Ignored
Ignored
Ignored
Ignored
Ignored
Ignored
Ignored
Ignored
Ignored
Ignored
Ignored
Ignored
Ignored
Ignored
Ignored
Ignored
Ignored
Ignored
Ignored
Ignored
Ignored
Ignored
Ignored
